<?xml version="1.0" encoding="UTF-8"?>
<testng-results ignored="0" total="1" passed="1" failed="0" skipped="0">
  <reporter-output>
  </reporter-output>
  <suite started-at="2024-09-05T20:05:58 IST" name="Smoke Testing" finished-at="2024-09-05T20:06:04 IST" duration-ms="6568">
    <groups>
    </groups>
    <test started-at="2024-09-05T20:05:58 IST" name="POM Test Cases#" finished-at="2024-09-05T20:06:04 IST" duration-ms="6568">
      <class name="executable.LoginExe">
        <test-method is-config="true" signature="setUp()[pri:0, instance:executable.LoginExe@2a265ea9]" started-at="2024-09-05T20:05:58 IST" name="setUp" finished-at="2024-09-05T20:06:04 IST" duration-ms="5776" status="PASS">
          <reporter-output>
          </reporter-output>
        </test-method> <!-- setUp -->
        <test-method signature="login()[pri:0, instance:executable.LoginExe@2a265ea9]" started-at="2024-09-05T20:06:04 IST" name="login" finished-at="2024-09-05T20:06:04 IST" duration-ms="557" status="PASS">
          <reporter-output>
          </reporter-output>
        </test-method> <!-- login -->
        <test-method is-config="true" signature="tearDown()[pri:0, instance:executable.LoginExe@2a265ea9]" started-at="2024-09-05T20:06:04 IST" name="tearDown" finished-at="2024-09-05T20:06:04 IST" duration-ms="154" status="PASS">
          <reporter-output>
          </reporter-output>
        </test-method> <!-- tearDown -->
      </class> <!-- executable.LoginExe -->
    </test> <!-- POM Test Cases# -->
  </suite> <!-- Smoke Testing -->
</testng-results>
